<?xml version="1.0" encoding="UTF-8"?>
<!-- Generated by org.testng.reporters.JUnitReportReporter -->
<testsuite hostname="DESKTOP-KHV87JG" failures="0" tests="1" name="Pratice.Demo1" time="0.013" errors="0" timestamp="2023-08-21T15:26:36 IST" skipped="0">
  <testcase classname="Pratice.Demo1" name="Demo1" time="0.013"/>
  <system-out/>
</testsuite> <!-- Pratice.Demo1 -->
